<?xml version="1.0" encoding="UTF-8"?>
<testng-results skipped="0" failed="0" ignored="0" total="1" passed="1">
  <reporter-output>
  </reporter-output>
  <suite name="Default suite" duration-ms="77" started-at="2019-07-10T15:27:11Z" finished-at="2019-07-10T15:27:11Z">
    <groups>
    </groups>
    <test name="Default test" duration-ms="77" started-at="2019-07-10T15:27:11Z" finished-at="2019-07-10T15:27:11Z">
      <class name="Api_Response_Comparison_Utility.CompareUtil.FunctionalityTest">
        <test-method status="PASS" signature="setUp()[pri:0, instance:Api_Response_Comparison_Utility.CompareUtil.FunctionalityTest@56f4468b]" name="setUp" is-config="true" duration-ms="38" started-at="2019-07-10T20:57:11Z" finished-at="2019-07-10T20:57:11Z">
          <reporter-output>
          </reporter-output>
        </test-method> <!-- setUp -->
        <test-method status="PASS" signature="testCompreUtilityFunctionality()[pri:0, instance:Api_Response_Comparison_Utility.CompareUtil.FunctionalityTest@56f4468b]" name="testCompreUtilityFunctionality" duration-ms="10" started-at="2019-07-10T20:57:11Z" finished-at="2019-07-10T20:57:11Z">
          <reporter-output>
          </reporter-output>
        </test-method> <!-- testCompreUtilityFunctionality -->
      </class> <!-- Api_Response_Comparison_Utility.CompareUtil.FunctionalityTest -->
    </test> <!-- Default test -->
  </suite> <!-- Default suite -->
</testng-results>
